<?xml version="1.0" encoding="UTF-8"?>
<!-- Generated by org.testng.reporters.JUnitReportReporter -->
<testsuite hostname="Sohaila" failures="0" tests="1" name="testCases.TC02_AddToCartTest" time="1.502" errors="0" timestamp="11 Sep 2023 13:47:30 GMT" skipped="0">
  <testcase classname="testCases.TC02_AddToCartTest" name="addItemsToCart" time="1.502"/>
</testsuite> <!-- testCases.TC02_AddToCartTest -->
