<?xml version="1.0" encoding="UTF-8"?>
<!-- Generated by org.testng.reporters.JUnitReportReporter -->
<testsuite hostname="Sohaila" failures="0" tests="1" name="testCases.TC03_CheckoutInformationTest" time="6.610" errors="0" timestamp="07 Oct 2023 10:52:56 GMT" skipped="0">
  <testcase classname="testCases.TC03_CheckoutInformationTest" name="checkoutTest" time="6.610"/>
</testsuite> <!-- testCases.TC03_CheckoutInformationTest -->
