<?xml version="1.0" encoding="UTF-8"?>
<!-- Generated by org.testng.reporters.JUnitReportReporter -->
<testsuite hostname="Sohaila" failures="0" tests="1" name="testCases.TC01_LoginTest" time="95.263" errors="0" timestamp="08 Oct 2023 19:10:26 GMT" skipped="0">
  <testcase classname="testCases.TC01_LoginTest" name="LoginTestWithValidData_P" time="95.263"/>
</testsuite> <!-- testCases.TC01_LoginTest -->
