<?xml version="1.0" encoding="UTF-8"?>
<!-- Generated by org.testng.reporters.JUnitReportReporter -->
<testsuite hostname="Sohaila" failures="0" tests="1" name="testCases.TC03_CheckoutInformationTest" time="85.199" errors="0" timestamp="08 Oct 2023 19:10:26 GMT" skipped="0">
  <testcase classname="testCases.TC03_CheckoutInformationTest" name="checkoutInformationTest" time="85.199"/>
</testsuite> <!-- testCases.TC03_CheckoutInformationTest -->
