<?xml version="1.0" encoding="UTF-8"?>
<!-- Generated by org.testng.reporters.JUnitReportReporter -->
<testsuite hostname="Sohaila" failures="0" tests="1" name="testCases.TC04_CheckoutOrderOverviewTest" time="83.581" errors="0" timestamp="08 Oct 2023 19:10:26 GMT" skipped="0">
  <testcase classname="testCases.TC04_CheckoutOrderOverviewTest" name="checkOrderOverview" time="83.581"/>
</testsuite> <!-- testCases.TC04_CheckoutOrderOverviewTest -->
