<?xml version="1.0" encoding="UTF-8"?>
<!-- Generated by org.testng.reporters.JUnitReportReporter -->
<testsuite hostname="Sohaila" failures="0" tests="1" name="testCases.TC04_CheckoutOrderOverviewTest" time="5.030" errors="0" timestamp="10 Oct 2023 14:25:17 GMT" skipped="0">
  <testcase classname="testCases.TC04_CheckoutOrderOverviewTest" name="checkOrderOverview" time="5.030"/>
</testsuite> <!-- testCases.TC04_CheckoutOrderOverviewTest -->
