<?xml version="1.0" encoding="UTF-8"?>
<!-- Generated by org.testng.reporters.JUnitReportReporter -->
<testsuite hostname="Sohaila" failures="0" tests="1" name="testCases.TC02_AddToCartTest" time="83.049" errors="0" timestamp="08 Oct 2023 19:10:26 GMT" skipped="0">
  <testcase classname="testCases.TC02_AddToCartTest" name="addItemsToCart" time="83.049"/>
</testsuite> <!-- testCases.TC02_AddToCartTest -->
