<?xml version="1.0" encoding="UTF-8"?>
<!-- Generated by org.testng.reporters.JUnitReportReporter -->
<testsuite hostname="Sohaila" failures="0" tests="1" name="testCases.TC03_CheckoutInformationTest" time="3.834" errors="0" timestamp="10 Oct 2023 14:25:17 GMT" skipped="0">
  <testcase classname="testCases.TC03_CheckoutInformationTest" name="checkoutInformationTest" time="3.834"/>
</testsuite> <!-- testCases.TC03_CheckoutInformationTest -->
