<?xml version="1.0" encoding="UTF-8"?>
<!-- Generated by org.testng.reporters.JUnitReportReporter -->
<testsuite hostname="Sohaila" failures="0" tests="1" name="testCases.TC01_LoginTest" time="1.205" errors="0" timestamp="11 Sep 2023 13:47:29 GMT" skipped="0">
  <testcase classname="testCases.TC01_LoginTest" name="LoginTestWithValidData_P" time="1.205"/>
</testsuite> <!-- testCases.TC01_LoginTest -->
